Base path: C:/Program Files (x86)/Unity/Editor/Data
Pipe name: \\.\pipe\UnityShaderCompiler-1-4908
Cmd: getPlatforms
Cmd: preprocess
  insize=9570 outsize=2432 ok=1
Cmd: preprocess
  insize=11629 outsize=759 ok=1
Cmd: preprocess
  insize=1286 outsize=484 ok=1
Cmd: preprocess
  insize=8933 outsize=811 ok=1
Cmd: preprocess
  insize=1759 outsize=370 ok=1
Cmd: preprocess
  insize=974 outsize=375 ok=1
Cmd: preprocess
  insize=1064 outsize=335 ok=1
Cmd: preprocess
  insize=2058 outsize=509 ok=1
Cmd: preprocess
  insize=1359 outsize=432 ok=1
Cmd: preprocess
  insize=3722 outsize=746 ok=1
Cmd: preprocess
  insize=1243 outsize=312 ok=1
Cmd: preprocess
  insize=1296 outsize=429 ok=1
Cmd: preprocess
  insize=6831 outsize=843 ok=1
Cmd: preprocess
  insize=1235 outsize=333 ok=1
Cmd: preprocess
  insize=2754 outsize=812 ok=1
Cmd: preprocess
  insize=1027 outsize=323 ok=1
Cmd: preprocess
  insize=1443 outsize=406 ok=1
Cmd: preprocess
  insize=1502 outsize=370 ok=1
Cmd: preprocess
  insize=1761 outsize=749 ok=1
Cmd: preprocess
  insize=1465 outsize=363 ok=1
Cmd: preprocess
  insize=1338 outsize=347 ok=1
Cmd: preprocess
  insize=2401 outsize=673 ok=1
Cmd: preprocess
  insize=1019 outsize=289 ok=1
Cmd: preprocess
  insize=829 outsize=338 ok=1
Cmd: preprocess
  insize=33465 outsize=288 ok=1
Cmd: preprocess
  insize=1282 outsize=279 ok=1
Cmd: preprocess
  insize=3754 outsize=743 ok=1
Cmd: preprocess
  insize=1059 outsize=268 ok=1
Cmd: preprocess
  insize=5588 outsize=1882 ok=1
Cmd: preprocess
  insize=11872 outsize=2007 ok=1
Cmd: preprocess
  insize=1097 outsize=378 ok=1
Cmd: preprocess
  insize=6532 outsize=797 ok=1
Cmd: preprocess
  insize=2965 outsize=825 ok=1
Cmd: preprocess
  insize=8546 outsize=1167 ok=1
Cmd: preprocess
  insize=1034 outsize=465 ok=1
Cmd: preprocess
  insize=14335 outsize=2775 ok=1
Cmd: preprocess
  insize=2048 outsize=516 ok=1
Cmd: preprocess
  insize=1764 outsize=320 ok=1
Cmd: preprocess
  insize=28296 outsize=4971 ok=1
Cmd: preprocess
  insize=4266 outsize=584 ok=1
Cmd: preprocess
  insize=2379 outsize=1258 ok=1
Cmd: preprocess
  insize=1823 outsize=317 ok=1
Cmd: preprocess
  insize=1088 outsize=373 ok=1
Cmd: preprocess
  insize=1199 outsize=486 ok=1
Cmd: preprocess
  insize=777 outsize=284 ok=1
Cmd: preprocess
  insize=6084 outsize=913 ok=1
Cmd: preprocess
  insize=5846 outsize=800 ok=1
Cmd: preprocess
  insize=622 outsize=382 ok=1
Cmd: preprocess
  insize=33474 outsize=288 ok=1
Cmd: preprocess
  insize=5321 outsize=1789 ok=1
Cmd: preprocess
  insize=6991 outsize=271 ok=1
Cmd: preprocess
  insize=4684 outsize=585 ok=1
Cmd: preprocess
  insize=5159 outsize=1148 ok=1
Cmd: preprocess
  insize=6008 outsize=1334 ok=1
Cmd: preprocess
  insize=833 outsize=323 ok=1
Cmd: preprocess
  insize=758 outsize=335 ok=1
Cmd: preprocess
  insize=4076 outsize=685 ok=1
Cmd: preprocess
  insize=926 outsize=319 ok=1
Cmd: preprocess
  insize=1406 outsize=316 ok=1
Cmd: preprocess
  insize=2266 outsize=1040 ok=1
Cmd: preprocess
  insize=6214 outsize=837 ok=1
Cmd: preprocess
  insize=1136 outsize=512 ok=1
Cmd: preprocess
  insize=1285 outsize=411 ok=1
Cmd: preprocess
  insize=616 outsize=277 ok=1
Cmd: preprocess
  insize=773 outsize=337 ok=1
Cmd: preprocess
  insize=1801 outsize=713 ok=1
Cmd: preprocess
  error: 2 plat 12 at (38): Can't find include file AngryInclude.cginc
  insize=1072 outsize=260 ok=0
Cmd: preprocess
  insize=2427 outsize=1808 ok=1
Cmd: compileSnippet
  api=4 type=0 insize=7057 outsize=5678 kw=DIRECTIONAL SHADOWS_OFF LIGHTMAP_OFF DIRLIGHTMAP_OFF ok=1
Cmd: compileSnippet
  api=4 type=1 insize=7057 outsize=5369 kw=DIRECTIONAL SHADOWS_OFF LIGHTMAP_OFF DIRLIGHTMAP_OFF ok=1
Cmd: compileSnippet
  api=4 type=0 insize=3771 outsize=3630 kw=POINT ok=1
Cmd: compileSnippet
  api=4 type=1 insize=3771 outsize=3330 kw=POINT ok=1
Cmd: compileSnippet
  api=4 type=0 insize=3688 outsize=2915 kw= ok=1
Cmd: compileSnippet
  api=4 type=1 insize=3688 outsize=1550 kw= ok=1
Cmd: compileSnippet
  api=4 type=0 insize=6439 outsize=5207 kw=LIGHTMAP_OFF DIRLIGHTMAP_OFF HDR_LIGHT_PREPASS_OFF ok=1
Cmd: compileSnippet
  api=4 type=1 insize=6439 outsize=4646 kw=LIGHTMAP_OFF DIRLIGHTMAP_OFF HDR_LIGHT_PREPASS_OFF ok=1
Cmd: preprocess
  insize=1544 outsize=374 ok=1
Cmd: compileSnippet
  api=4 type=0 insize=1413 outsize=1103 kw= ok=1
Cmd: compileSnippet
  api=4 type=1 insize=1413 outsize=1136 kw= ok=1
Cmd: preprocess
  error: 2 plat 12 at (107): Can't find include file AngryInclude.cginc
  insize=3165 outsize=779 ok=0
Cmd: preprocess
  insize=3745 outsize=589 ok=1
Cmd: compileSnippet
  api=4 type=0 insize=3284 outsize=1558 kw= ok=1
Cmd: compileSnippet
  api=4 type=1 insize=3284 outsize=2135 kw= ok=1
Cmd: compileSnippet
  api=4 type=0 insize=3295 outsize=1558 kw= ok=1
Cmd: compileSnippet
  api=4 type=1 insize=3295 outsize=1575 kw= ok=1
Cmd: compileSnippet
  api=4 type=0 insize=3308 outsize=990 kw= ok=1
Cmd: compileSnippet
  api=4 type=1 insize=3308 outsize=1095 kw= ok=1
Cmd: preprocess
  insize=7324 outsize=1538 ok=1
Cmd: compileSnippet
  api=4 type=0 insize=5385 outsize=990 kw= ok=1
Cmd: compileSnippet
  api=4 type=1 insize=5385 outsize=941 kw= ok=1
Cmd: compileSnippet
  api=4 type=0 insize=5385 outsize=990 kw= ok=1
Cmd: compileSnippet
  api=4 type=1 insize=5385 outsize=1697 kw= ok=1
Cmd: compileSnippet
  api=4 type=0 insize=5385 outsize=990 kw= ok=1
Cmd: compileSnippet
  api=4 type=1 insize=5385 outsize=1688 kw= ok=1
Cmd: compileSnippet
  api=4 type=0 insize=5384 outsize=1526 kw= ok=1
Cmd: compileSnippet
  api=4 type=1 insize=5384 outsize=1258 kw= ok=1
Cmd: compileSnippet
  api=4 type=0 insize=5386 outsize=990 kw= ok=1
Cmd: compileSnippet
  api=4 type=1 insize=5386 outsize=1160 kw= ok=1
Cmd: compileSnippet
  api=4 type=0 insize=5393 outsize=1526 kw= ok=1
Cmd: compileSnippet
  api=4 type=1 insize=5393 outsize=1388 kw= ok=1
Cmd: compileSnippet
  api=4 type=0 insize=5383 outsize=1347 kw= ok=1
Cmd: compileSnippet
  api=4 type=1 insize=5383 outsize=1680 kw= ok=1
Cmd: preprocess
  error: 2 plat 12 at (75): Can't find include file AngryInclude.cginc
  error: 2 plat 12 at (170): Can't find include file AngryInclude.cginc
  insize=3077 outsize=782 ok=0
Cmd: preprocess
  insize=4844 outsize=843 ok=1
Cmd: compileSnippet
  api=4 type=0 insize=3981 outsize=990 kw= ok=1
Cmd: compileSnippet
  api=4 type=1 insize=3981 outsize=803 kw= ok=1
Cmd: compileSnippet
  api=4 type=0 insize=3978 outsize=1737 kw= ok=1
Cmd: compileSnippet
  api=4 type=1 insize=3978 outsize=1534 kw= ok=1
Cmd: compileSnippet
  api=4 type=0 insize=3997 outsize=1623 kw= ok=1
Cmd: compileSnippet
  api=4 type=1 insize=3997 outsize=1307 kw= ok=1
Cmd: compileSnippet
  api=4 type=0 insize=3999 outsize=1623 kw= ok=1
Cmd: compileSnippet
  api=4 type=1 insize=3999 outsize=1307 kw= ok=1
Cmd: compileSnippet
  api=4 type=0 insize=3994 outsize=990 kw= ok=1
Cmd: compileSnippet
  api=4 type=1 insize=3994 outsize=1209 kw= ok=1
Cmd: compileSnippet
  api=4 type=0 insize=3986 outsize=1737 kw= ok=1
Cmd: compileSnippet
  api=4 type=1 insize=3986 outsize=1615 kw= ok=1
Cmd: compileSnippet
  api=4 type=0 insize=3771 outsize=2850 kw=DIRECTIONAL ok=1
Cmd: compileSnippet
  api=4 type=1 insize=3771 outsize=2826 kw=DIRECTIONAL ok=1
